  Cards.cpp
C:\Users\david\Documents\Visual Studio 2019\My Projects\comp345_project\comp345_project\Map.h(18,23): error C2061: syntax error: identifier 'Player'
C:\Users\david\Documents\Visual Studio 2019\My Projects\comp345_project\comp345_project\Map.h(25,8): error C2143: syntax error: missing ';' before '*'
C:\Users\david\Documents\Visual Studio 2019\My Projects\comp345_project\comp345_project\Map.h(25,8): error C4430: missing type specifier - int assumed. Note: C++ does not support default-int
C:\Users\david\Documents\Visual Studio 2019\My Projects\comp345_project\comp345_project\Map.h(25,16): error C2238: unexpected token(s) preceding ';'
  GameEngine.cpp
C:\Users\david\Documents\Visual Studio 2019\My Projects\comp345_project\comp345_project\Map.h(18,23): error C2061: syntax error: identifier 'Player'
C:\Users\david\Documents\Visual Studio 2019\My Projects\comp345_project\comp345_project\Map.h(25,8): error C2143: syntax error: missing ';' before '*'
C:\Users\david\Documents\Visual Studio 2019\My Projects\comp345_project\comp345_project\Map.h(25,8): error C4430: missing type specifier - int assumed. Note: C++ does not support default-int
C:\Users\david\Documents\Visual Studio 2019\My Projects\comp345_project\comp345_project\Map.h(25,16): error C2238: unexpected token(s) preceding ';'
  GameEngineDriver.cpp
C:\Users\david\Documents\Visual Studio 2019\My Projects\comp345_project\comp345_project\Map.h(18,23): error C2061: syntax error: identifier 'Player'
C:\Users\david\Documents\Visual Studio 2019\My Projects\comp345_project\comp345_project\Map.h(25,8): error C2143: syntax error: missing ';' before '*'
C:\Users\david\Documents\Visual Studio 2019\My Projects\comp345_project\comp345_project\Map.h(25,8): error C4430: missing type specifier - int assumed. Note: C++ does not support default-int
C:\Users\david\Documents\Visual Studio 2019\My Projects\comp345_project\comp345_project\Map.h(25,16): error C2238: unexpected token(s) preceding ';'
  Map.cpp
C:\Users\david\Documents\Visual Studio 2019\My Projects\comp345_project\comp345_project\Map.h(18,23): error C2061: syntax error: identifier 'Player'
C:\Users\david\Documents\Visual Studio 2019\My Projects\comp345_project\comp345_project\Map.h(25,8): error C2143: syntax error: missing ';' before '*'
C:\Users\david\Documents\Visual Studio 2019\My Projects\comp345_project\comp345_project\Map.h(25,8): error C4430: missing type specifier - int assumed. Note: C++ does not support default-int
C:\Users\david\Documents\Visual Studio 2019\My Projects\comp345_project\comp345_project\Map.h(25,16): error C2238: unexpected token(s) preceding ';'
C:\Users\david\Documents\Visual Studio 2019\My Projects\comp345_project\comp345_project\Map.cpp(10,57): error C2614: 'Country': illegal member initialization: 'player' is not a base or member
C:\Users\david\Documents\Visual Studio 2019\My Projects\comp345_project\comp345_project\Map.cpp(20,2): error C2065: 'player': undeclared identifier
C:\Users\david\Documents\Visual Studio 2019\My Projects\comp345_project\comp345_project\Map.cpp(20,19): error C2039: 'player': is not a member of 'Country'
C:\Users\david\Documents\Visual Studio 2019\My Projects\comp345_project\comp345_project\Map.h(8): message : see declaration of 'Country'
C:\Users\david\Documents\Visual Studio 2019\My Projects\comp345_project\comp345_project\Map.cpp(26,22): error C2614: 'Country': illegal member initialization: 'player' is not a base or member
C:\Users\david\Documents\Visual Studio 2019\My Projects\comp345_project\comp345_project\Map.cpp(57,9): error C2065: 'player': undeclared identifier
C:\Users\david\Documents\Visual Studio 2019\My Projects\comp345_project\comp345_project\Map.cpp(62,1): error C2511: 'void Country::setPlayer(Player *)': overloaded member function not found in 'Country'
C:\Users\david\Documents\Visual Studio 2019\My Projects\comp345_project\comp345_project\Map.h(8): message : see declaration of 'Country'
C:\Users\david\Documents\Visual Studio 2019\My Projects\comp345_project\comp345_project\Map.cpp(63,2): error C2065: 'player': undeclared identifier
C:\Users\david\Documents\Visual Studio 2019\My Projects\comp345_project\comp345_project\Map.cpp(171,21): warning C4018: '<': signed/unsigned mismatch
C:\Users\david\Documents\Visual Studio 2019\My Projects\comp345_project\comp345_project\Map.cpp(197,20): warning C4018: '<': signed/unsigned mismatch
  MapLoader.cpp
C:\Users\david\Documents\Visual Studio 2019\My Projects\comp345_project\comp345_project\Map.h(18,23): error C2061: syntax error: identifier 'Player'
C:\Users\david\Documents\Visual Studio 2019\My Projects\comp345_project\comp345_project\Map.h(25,8): error C2143: syntax error: missing ';' before '*'
C:\Users\david\Documents\Visual Studio 2019\My Projects\comp345_project\comp345_project\Map.h(25,8): error C4430: missing type specifier - int assumed. Note: C++ does not support default-int
C:\Users\david\Documents\Visual Studio 2019\My Projects\comp345_project\comp345_project\Map.h(25,16): error C2238: unexpected token(s) preceding ';'
C:\Users\david\Documents\Visual Studio 2019\My Projects\comp345_project\comp345_project\MapLoader.cpp(125,23): warning C4018: '<': signed/unsigned mismatch
C:\Users\david\Documents\Visual Studio 2019\My Projects\comp345_project\comp345_project\MapLoader.cpp(136,23): warning C4018: '<': signed/unsigned mismatch
C:\Users\david\Documents\Visual Studio 2019\My Projects\comp345_project\comp345_project\MapLoader.cpp(186,23): warning C4018: '<': signed/unsigned mismatch
C:\Users\david\Documents\Visual Studio 2019\My Projects\comp345_project\comp345_project\MapLoader.cpp(194,23): warning C4018: '<': signed/unsigned mismatch
C:\Users\david\Documents\Visual Studio 2019\My Projects\comp345_project\comp345_project\MapLoader.cpp(211,23): warning C4018: '<': signed/unsigned mismatch
C:\Users\david\Documents\Visual Studio 2019\My Projects\comp345_project\comp345_project\MapLoader.cpp(235,23): warning C4018: '<': signed/unsigned mismatch
C:\Users\david\Documents\Visual Studio 2019\My Projects\comp345_project\comp345_project\MapLoader.cpp(246,23): warning C4018: '<': signed/unsigned mismatch
C:\Users\david\Documents\Visual Studio 2019\My Projects\comp345_project\comp345_project\MapLoader.cpp(325,23): warning C4018: '<': signed/unsigned mismatch
C:\Users\david\Documents\Visual Studio 2019\My Projects\comp345_project\comp345_project\MapLoader.cpp(333,23): warning C4018: '<': signed/unsigned mismatch
C:\Users\david\Documents\Visual Studio 2019\My Projects\comp345_project\comp345_project\MapLoader.cpp(350,23): warning C4018: '<': signed/unsigned mismatch
C:\Users\david\Documents\Visual Studio 2019\My Projects\comp345_project\comp345_project\MapLoader.cpp(371,23): warning C4018: '<': signed/unsigned mismatch
C:\Users\david\Documents\Visual Studio 2019\My Projects\comp345_project\comp345_project\MapLoader.cpp(373,23): warning C4018: '<': signed/unsigned mismatch
C:\Users\david\Documents\Visual Studio 2019\My Projects\comp345_project\comp345_project\MapLoader.cpp(379,23): warning C4018: '<': signed/unsigned mismatch
C:\Users\david\Documents\Visual Studio 2019\My Projects\comp345_project\comp345_project\MapLoader.cpp(400,23): warning C4018: '<': signed/unsigned mismatch
C:\Users\david\Documents\Visual Studio 2019\My Projects\comp345_project\comp345_project\MapLoader.cpp(402,23): warning C4018: '<': signed/unsigned mismatch
C:\Users\david\Documents\Visual Studio 2019\My Projects\comp345_project\comp345_project\MapLoader.cpp(407,23): warning C4018: '<': signed/unsigned mismatch
  Orders.cpp
C:\Users\david\Documents\Visual Studio 2019\My Projects\comp345_project\comp345_project\Map.h(18,23): error C2061: syntax error: identifier 'Player'
C:\Users\david\Documents\Visual Studio 2019\My Projects\comp345_project\comp345_project\Map.h(25,8): error C2143: syntax error: missing ';' before '*'
C:\Users\david\Documents\Visual Studio 2019\My Projects\comp345_project\comp345_project\Map.h(25,8): error C4430: missing type specifier - int assumed. Note: C++ does not support default-int
C:\Users\david\Documents\Visual Studio 2019\My Projects\comp345_project\comp345_project\Map.h(25,16): error C2238: unexpected token(s) preceding ';'
C:\Users\david\Documents\Visual Studio 2019\My Projects\comp345_project\comp345_project\Orders.cpp(429,20): warning C4018: '<': signed/unsigned mismatch
  Player.cpp
C:\Users\david\Documents\Visual Studio 2019\My Projects\comp345_project\comp345_project\Map.h(18,23): error C2061: syntax error: identifier 'Player'
C:\Users\david\Documents\Visual Studio 2019\My Projects\comp345_project\comp345_project\Map.h(25,8): error C2143: syntax error: missing ';' before '*'
C:\Users\david\Documents\Visual Studio 2019\My Projects\comp345_project\comp345_project\Map.h(25,8): error C4430: missing type specifier - int assumed. Note: C++ does not support default-int
C:\Users\david\Documents\Visual Studio 2019\My Projects\comp345_project\comp345_project\Map.h(25,16): error C2238: unexpected token(s) preceding ';'
C:\Users\david\Documents\Visual Studio 2019\My Projects\comp345_project\comp345_project\Player.cpp(52,23): warning C4018: '<': signed/unsigned mismatch
C:\Users\david\Documents\Visual Studio 2019\My Projects\comp345_project\comp345_project\Player.cpp(66,23): warning C4018: '<': signed/unsigned mismatch
C:\Users\david\Documents\Visual Studio 2019\My Projects\comp345_project\comp345_project\Player.cpp(83,23): warning C4018: '<': signed/unsigned mismatch
C:\Users\david\Documents\Visual Studio 2019\My Projects\comp345_project\comp345_project\Player.cpp(106,23): warning C4018: '<': signed/unsigned mismatch
C:\Users\david\Documents\Visual Studio 2019\My Projects\comp345_project\comp345_project\Player.cpp(116,23): warning C4018: '<': signed/unsigned mismatch
C:\Users\david\Documents\Visual Studio 2019\My Projects\comp345_project\comp345_project\Player.cpp(178,27): warning C4018: '<': signed/unsigned mismatch
  PlayerDriver.cpp
C:\Users\david\Documents\Visual Studio 2019\My Projects\comp345_project\comp345_project\Map.h(18,23): error C2061: syntax error: identifier 'Player'
C:\Users\david\Documents\Visual Studio 2019\My Projects\comp345_project\comp345_project\Map.h(25,8): error C2143: syntax error: missing ';' before '*'
C:\Users\david\Documents\Visual Studio 2019\My Projects\comp345_project\comp345_project\Map.h(25,8): error C4430: missing type specifier - int assumed. Note: C++ does not support default-int
C:\Users\david\Documents\Visual Studio 2019\My Projects\comp345_project\comp345_project\Map.h(25,16): error C2238: unexpected token(s) preceding ';'
  Generating Code...
